C:\USERS\JUVS\DOCUMENTS\VISUAL STUDIO 2010\PROJECTS\PUYOGAMELOFT\DEBUG\PUYOGAMELOFT.EXE
C:\USERS\JUVS\DOCUMENTS\VISUAL STUDIO 2010\PROJECTS\PUYOGAMELOFT\DEBUG\PUYOGAMELOFT.ILK
C:\USERS\JUVS\DOCUMENTS\VISUAL STUDIO 2010\PROJECTS\PUYOGAMELOFT\DEBUG\PUYOGAMELOFT.PDB
C:\USERS\JUVS\DOCUMENTS\VISUAL STUDIO 2010\PROJECTS\PUYOGAMELOFT\PUYOGAMELOFT\DEBUG\CELL.OBJ
C:\Users\juvs\Documents\Visual Studio 2010\Projects\puyogameloft\puyogameloft\Debug\cl.command.1.tlog
C:\Users\juvs\Documents\Visual Studio 2010\Projects\puyogameloft\puyogameloft\Debug\CL.read.1.tlog
C:\Users\juvs\Documents\Visual Studio 2010\Projects\puyogameloft\puyogameloft\Debug\CL.write.1.tlog
C:\USERS\JUVS\DOCUMENTS\VISUAL STUDIO 2010\PROJECTS\PUYOGAMELOFT\PUYOGAMELOFT\DEBUG\FALLINGPUYOS.OBJ
C:\USERS\JUVS\DOCUMENTS\VISUAL STUDIO 2010\PROJECTS\PUYOGAMELOFT\PUYOGAMELOFT\DEBUG\GAME.OBJ
C:\Users\juvs\Documents\Visual Studio 2010\Projects\puyogameloft\puyogameloft\Debug\link.1636.read.1.tlog
C:\Users\juvs\Documents\Visual Studio 2010\Projects\puyogameloft\puyogameloft\Debug\link.1636.write.1.tlog
C:\Users\juvs\Documents\Visual Studio 2010\Projects\puyogameloft\puyogameloft\Debug\link.1636-cvtres.read.1.tlog
C:\Users\juvs\Documents\Visual Studio 2010\Projects\puyogameloft\puyogameloft\Debug\link.1636-cvtres.write.1.tlog
C:\Users\juvs\Documents\Visual Studio 2010\Projects\puyogameloft\puyogameloft\Debug\link.1752.read.1.tlog
C:\Users\juvs\Documents\Visual Studio 2010\Projects\puyogameloft\puyogameloft\Debug\link.1752.write.1.tlog
C:\Users\juvs\Documents\Visual Studio 2010\Projects\puyogameloft\puyogameloft\Debug\link.1752-cvtres.read.1.tlog
C:\Users\juvs\Documents\Visual Studio 2010\Projects\puyogameloft\puyogameloft\Debug\link.1752-cvtres.write.1.tlog
C:\Users\juvs\Documents\Visual Studio 2010\Projects\puyogameloft\puyogameloft\Debug\link.3760.read.1.tlog
C:\Users\juvs\Documents\Visual Studio 2010\Projects\puyogameloft\puyogameloft\Debug\link.3760.write.1.tlog
C:\Users\juvs\Documents\Visual Studio 2010\Projects\puyogameloft\puyogameloft\Debug\link.3760-cvtres.read.1.tlog
C:\Users\juvs\Documents\Visual Studio 2010\Projects\puyogameloft\puyogameloft\Debug\link.3760-cvtres.write.1.tlog
C:\Users\juvs\Documents\Visual Studio 2010\Projects\puyogameloft\puyogameloft\Debug\link.4024.read.1.tlog
C:\Users\juvs\Documents\Visual Studio 2010\Projects\puyogameloft\puyogameloft\Debug\link.4024.write.1.tlog
C:\Users\juvs\Documents\Visual Studio 2010\Projects\puyogameloft\puyogameloft\Debug\link.4024-cvtres.read.1.tlog
C:\Users\juvs\Documents\Visual Studio 2010\Projects\puyogameloft\puyogameloft\Debug\link.4024-cvtres.write.1.tlog
C:\Users\juvs\Documents\Visual Studio 2010\Projects\puyogameloft\puyogameloft\Debug\link.5316.read.1.tlog
C:\Users\juvs\Documents\Visual Studio 2010\Projects\puyogameloft\puyogameloft\Debug\link.5316.write.1.tlog
C:\Users\juvs\Documents\Visual Studio 2010\Projects\puyogameloft\puyogameloft\Debug\link.5316-cvtres.read.1.tlog
C:\Users\juvs\Documents\Visual Studio 2010\Projects\puyogameloft\puyogameloft\Debug\link.5316-cvtres.write.1.tlog
C:\Users\juvs\Documents\Visual Studio 2010\Projects\puyogameloft\puyogameloft\Debug\link.5568.read.1.tlog
C:\Users\juvs\Documents\Visual Studio 2010\Projects\puyogameloft\puyogameloft\Debug\link.5568.write.1.tlog
C:\Users\juvs\Documents\Visual Studio 2010\Projects\puyogameloft\puyogameloft\Debug\link.5568-cvtres.read.1.tlog
C:\Users\juvs\Documents\Visual Studio 2010\Projects\puyogameloft\puyogameloft\Debug\link.5568-cvtres.write.1.tlog
C:\Users\juvs\Documents\Visual Studio 2010\Projects\puyogameloft\puyogameloft\Debug\link.5688.read.1.tlog
C:\Users\juvs\Documents\Visual Studio 2010\Projects\puyogameloft\puyogameloft\Debug\link.5688.write.1.tlog
C:\Users\juvs\Documents\Visual Studio 2010\Projects\puyogameloft\puyogameloft\Debug\link.5688-cvtres.read.1.tlog
C:\Users\juvs\Documents\Visual Studio 2010\Projects\puyogameloft\puyogameloft\Debug\link.5688-cvtres.write.1.tlog
C:\Users\juvs\Documents\Visual Studio 2010\Projects\puyogameloft\puyogameloft\Debug\link.6216.read.1.tlog
C:\Users\juvs\Documents\Visual Studio 2010\Projects\puyogameloft\puyogameloft\Debug\link.6216.write.1.tlog
C:\Users\juvs\Documents\Visual Studio 2010\Projects\puyogameloft\puyogameloft\Debug\link.6216-cvtres.read.1.tlog
C:\Users\juvs\Documents\Visual Studio 2010\Projects\puyogameloft\puyogameloft\Debug\link.6216-cvtres.write.1.tlog
C:\Users\juvs\Documents\Visual Studio 2010\Projects\puyogameloft\puyogameloft\Debug\link.6260.read.1.tlog
C:\Users\juvs\Documents\Visual Studio 2010\Projects\puyogameloft\puyogameloft\Debug\link.6260.write.1.tlog
C:\Users\juvs\Documents\Visual Studio 2010\Projects\puyogameloft\puyogameloft\Debug\link.6260-cvtres.read.1.tlog
C:\Users\juvs\Documents\Visual Studio 2010\Projects\puyogameloft\puyogameloft\Debug\link.6260-cvtres.write.1.tlog
C:\Users\juvs\Documents\Visual Studio 2010\Projects\puyogameloft\puyogameloft\Debug\link.6308.read.1.tlog
C:\Users\juvs\Documents\Visual Studio 2010\Projects\puyogameloft\puyogameloft\Debug\link.6308.write.1.tlog
C:\Users\juvs\Documents\Visual Studio 2010\Projects\puyogameloft\puyogameloft\Debug\link.6308-cvtres.read.1.tlog
C:\Users\juvs\Documents\Visual Studio 2010\Projects\puyogameloft\puyogameloft\Debug\link.6308-cvtres.write.1.tlog
C:\Users\juvs\Documents\Visual Studio 2010\Projects\puyogameloft\puyogameloft\Debug\link.6460.read.1.tlog
C:\Users\juvs\Documents\Visual Studio 2010\Projects\puyogameloft\puyogameloft\Debug\link.6460.write.1.tlog
C:\Users\juvs\Documents\Visual Studio 2010\Projects\puyogameloft\puyogameloft\Debug\link.6460-cvtres.read.1.tlog
C:\Users\juvs\Documents\Visual Studio 2010\Projects\puyogameloft\puyogameloft\Debug\link.6460-cvtres.write.1.tlog
C:\Users\juvs\Documents\Visual Studio 2010\Projects\puyogameloft\puyogameloft\Debug\link.6804.read.1.tlog
C:\Users\juvs\Documents\Visual Studio 2010\Projects\puyogameloft\puyogameloft\Debug\link.6804.write.1.tlog
C:\Users\juvs\Documents\Visual Studio 2010\Projects\puyogameloft\puyogameloft\Debug\link.6804-cvtres.read.1.tlog
C:\Users\juvs\Documents\Visual Studio 2010\Projects\puyogameloft\puyogameloft\Debug\link.6804-cvtres.write.1.tlog
C:\Users\juvs\Documents\Visual Studio 2010\Projects\puyogameloft\puyogameloft\Debug\link.command.1.tlog
C:\Users\juvs\Documents\Visual Studio 2010\Projects\puyogameloft\puyogameloft\Debug\link.read.1.tlog
C:\Users\juvs\Documents\Visual Studio 2010\Projects\puyogameloft\puyogameloft\Debug\link.write.1.tlog
C:\Users\juvs\Documents\Visual Studio 2010\Projects\puyogameloft\puyogameloft\Debug\link-cvtres.read.1.tlog
C:\Users\juvs\Documents\Visual Studio 2010\Projects\puyogameloft\puyogameloft\Debug\link-cvtres.write.1.tlog
C:\USERS\JUVS\DOCUMENTS\VISUAL STUDIO 2010\PROJECTS\PUYOGAMELOFT\PUYOGAMELOFT\DEBUG\MAIN.OBJ
C:\Users\juvs\Documents\Visual Studio 2010\Projects\puyogameloft\puyogameloft\Debug\mt.command.1.tlog
C:\Users\juvs\Documents\Visual Studio 2010\Projects\puyogameloft\puyogameloft\Debug\mt.read.1.tlog
C:\Users\juvs\Documents\Visual Studio 2010\Projects\puyogameloft\puyogameloft\Debug\mt.write.1.tlog
C:\USERS\JUVS\DOCUMENTS\VISUAL STUDIO 2010\PROJECTS\PUYOGAMELOFT\PUYOGAMELOFT\DEBUG\PUYO.OBJ
C:\USERS\JUVS\DOCUMENTS\VISUAL STUDIO 2010\PROJECTS\PUYOGAMELOFT\PUYOGAMELOFT\DEBUG\PUYOGAMELOFT.EXE.EMBED.MANIFEST
C:\USERS\JUVS\DOCUMENTS\VISUAL STUDIO 2010\PROJECTS\PUYOGAMELOFT\PUYOGAMELOFT\DEBUG\PUYOGAMELOFT.EXE.EMBED.MANIFEST.RES
C:\USERS\JUVS\DOCUMENTS\VISUAL STUDIO 2010\PROJECTS\PUYOGAMELOFT\PUYOGAMELOFT\DEBUG\PUYOGAMELOFT.EXE.INTERMEDIATE.MANIFEST
C:\Users\juvs\Documents\Visual Studio 2010\Projects\puyogameloft\puyogameloft\Debug\puyogameloft_manifest.rc
C:\Users\juvs\Documents\Visual Studio 2010\Projects\puyogameloft\puyogameloft\Debug\rc.command.1.tlog
C:\Users\juvs\Documents\Visual Studio 2010\Projects\puyogameloft\puyogameloft\Debug\rc.read.1.tlog
C:\Users\juvs\Documents\Visual Studio 2010\Projects\puyogameloft\puyogameloft\Debug\rc.write.1.tlog
C:\Users\juvs\Documents\Visual Studio 2010\Projects\puyogameloft\puyogameloft\Debug\vc100.idb
C:\USERS\JUVS\DOCUMENTS\VISUAL STUDIO 2010\PROJECTS\PUYOGAMELOFT\PUYOGAMELOFT\DEBUG\VC100.PDB
C:\USERS\JUVS\DOCUMENTS\VISUAL STUDIO 2010\PROJECTS\PUYOGAMELOFT\PUYOGAMELOFT\DEBUG\WORLD.OBJ
