Build started 11/5/2013 3:47:16 AM.
     1>Project "C:\Users\juvs\Documents\Visual Studio 2010\Projects\puyogameloft\puyogameloft\puyogameloft.vcxproj" on node 2 (build target(s)).
     1>InitializeBuildStatus:
         Creating "Debug\puyogameloft.unsuccessfulbuild" because "AlwaysCreate" was specified.
       ClCompile:
         C:\Program Files (x86)\Microsoft Visual Studio 10.0\VC\bin\CL.exe /c /ZI /nologo /W3 /WX- /Od /Oy- /D WIN32 /D _DEBUG /D _CONSOLE /D _UNICODE /D UNICODE /Gm /EHsc /RTC1 /MDd /GS /fp:precise /Zc:wchar_t /Zc:forScope /Fo"Debug\\" /Fd"Debug\vc100.pdb" /Gd /TP /analyze- /errorReport:prompt FallingPuyos.cpp
         FallingPuyos.cpp
     1>c:\users\juvs\documents\visual studio 2010\projects\puyogameloft\puyogameloft\fallingpuyos.cpp(167): warning C4018: '<' : signed/unsigned mismatch
       ManifestResourceCompile:
         All outputs are up-to-date.
       Link:
         C:\Program Files (x86)\Microsoft Visual Studio 10.0\VC\bin\link.exe /ERRORREPORT:PROMPT /OUT:"C:\Users\juvs\Documents\Visual Studio 2010\Projects\puyogameloft\Debug\puyogameloft.exe" /INCREMENTAL /NOLOGO kernel32.lib user32.lib gdi32.lib winspool.lib comdlg32.lib advapi32.lib shell32.lib ole32.lib oleaut32.lib uuid.lib odbc32.lib odbccp32.lib /MANIFEST /ManifestFile:"Debug\puyogameloft.exe.intermediate.manifest" /MANIFESTUAC:"level='asInvoker' uiAccess='false'" /DEBUG /PDB:"C:\Users\juvs\Documents\Visual Studio 2010\Projects\puyogameloft\Debug\puyogameloft.pdb" /SUBSYSTEM:CONSOLE /TLBID:1 /DYNAMICBASE /NXCOMPAT /IMPLIB:"C:\Users\juvs\Documents\Visual Studio 2010\Projects\puyogameloft\Debug\puyogameloft.lib" /MACHINE:X86 Debug\puyogameloft.exe.embed.manifest.res
         Debug\Cell.obj
         Debug\FallingPuyos.obj
         Debug\Game.obj
         Debug\main.obj
         Debug\Puyo.obj
         Debug\World.obj
       Manifest:
         C:\Program Files (x86)\Microsoft SDKs\Windows\v7.0A\bin\mt.exe /nologo /verbose /out:"Debug\puyogameloft.exe.embed.manifest" /manifest Debug\puyogameloft.exe.intermediate.manifest
         All outputs are up-to-date.
       LinkEmbedManifest:
         All outputs are up-to-date.
         puyogameloft.vcxproj -> C:\Users\juvs\Documents\Visual Studio 2010\Projects\puyogameloft\Debug\puyogameloft.exe
       FinalizeBuildStatus:
         Deleting file "Debug\puyogameloft.unsuccessfulbuild".
         Touching "Debug\puyogameloft.lastbuildstate".
     1>Done Building Project "C:\Users\juvs\Documents\Visual Studio 2010\Projects\puyogameloft\puyogameloft\puyogameloft.vcxproj" (build target(s)).

Build succeeded.

Time Elapsed 00:00:02.17
