Build started 10/31/2013 8:32:56 PM.
     1>Project "C:\Users\juvs\Documents\Visual Studio 2010\Projects\puyogameloft\puyogameloft\puyogameloft.vcxproj" on node 2 (build target(s)).
     1>InitializeBuildStatus:
         Touching "Release\puyogameloft.unsuccessfulbuild".
       ClCompile:
         C:\Program Files (x86)\Microsoft Visual Studio 10.0\VC\bin\CL.exe /c /Zi /nologo /W3 /WX- /O2 /Oi /Oy- /GL /D WIN32 /D NDEBUG /D _CONSOLE /D _UNICODE /D UNICODE /Gm- /EHsc /MD /GS /Gy /fp:precise /Zc:wchar_t /Zc:forScope /Fo"Release\\" /Fd"Release\vc100.pdb" /Gd /TP /analyze- /errorReport:prompt FallingPuyos.cpp
         FallingPuyos.cpp
       Link:
         C:\Program Files (x86)\Microsoft Visual Studio 10.0\VC\bin\link.exe /ERRORREPORT:PROMPT /OUT:"C:\Users\juvs\Documents\Visual Studio 2010\Projects\puyogameloft\Release\puyogameloft.exe" /INCREMENTAL:NO /NOLOGO kernel32.lib user32.lib gdi32.lib winspool.lib comdlg32.lib advapi32.lib shell32.lib ole32.lib oleaut32.lib uuid.lib odbc32.lib odbccp32.lib /MANIFEST /ManifestFile:"Release\puyogameloft.exe.intermediate.manifest" /MANIFESTUAC:"level='asInvoker' uiAccess='false'" /DEBUG /PDB:"C:\Users\juvs\Documents\Visual Studio 2010\Projects\puyogameloft\Release\puyogameloft.pdb" /SUBSYSTEM:CONSOLE /OPT:REF /OPT:ICF /LTCG /TLBID:1 /DYNAMICBASE /NXCOMPAT /IMPLIB:"C:\Users\juvs\Documents\Visual Studio 2010\Projects\puyogameloft\Release\puyogameloft.lib" /MACHINE:X86 Release\Cell.obj
         Release\FallingPuyos.obj
         Release\Game.obj
         Release\main.obj
         Release\Puyo.obj
         Release\World.obj
         Generating code
         Finished generating code
         puyogameloft.vcxproj -> C:\Users\juvs\Documents\Visual Studio 2010\Projects\puyogameloft\Release\puyogameloft.exe
       Manifest:
         C:\Program Files (x86)\Microsoft SDKs\Windows\v7.0A\bin\mt.exe /nologo /verbose /outputresource:"C:\Users\juvs\Documents\Visual Studio 2010\Projects\puyogameloft\Release\puyogameloft.exe;#1" /manifest Release\puyogameloft.exe.intermediate.manifest
       FinalizeBuildStatus:
         Deleting file "Release\puyogameloft.unsuccessfulbuild".
         Touching "Release\puyogameloft.lastbuildstate".
     1>Done Building Project "C:\Users\juvs\Documents\Visual Studio 2010\Projects\puyogameloft\puyogameloft\puyogameloft.vcxproj" (build target(s)).

Build succeeded.

Time Elapsed 00:00:01.01
